<?xml version="1.0" encoding="UTF-8"?>
<testsuite name="ServerTest" tests="1" skipped="0" failures="0" errors="0" timestamp="2019-11-10T16:14:03" hostname="DESKTOP-2QK2ARG" time="0.003">
  <properties/>
  <testcase name="checkingInetAddressTest" classname="ServerTest" time="0.003"/>
  <system-out><![CDATA[]]></system-out>
  <system-err><![CDATA[]]></system-err>
</testsuite>
