<?xml version="1.0" encoding="UTF-8"?>
<testsuite name="ConfigurationTest" tests="2" skipped="0" failures="0" errors="0" timestamp="2019-11-03T19:53:23" hostname="DESKTOP-2QK2ARG" time="2.264">
  <properties/>
  <testcase name="checkSettingConfiguration" classname="ConfigurationTest" time="0.003"/>
  <testcase name="checkSettingAddress" classname="ConfigurationTest" time="2.259"/>
  <system-out><![CDATA[]]></system-out>
  <system-err><![CDATA[]]></system-err>
</testsuite>
