<?xml version="1.0" encoding="UTF-8"?>
<testsuite name="FtpReaderTest" tests="1" skipped="0" failures="0" errors="0" timestamp="2019-11-03T19:53:25" hostname="DESKTOP-2QK2ARG" time="1.036">
  <properties/>
  <testcase name="checkReading" classname="FtpReaderTest" time="1.036"/>
  <system-out><![CDATA[]]></system-out>
  <system-err><![CDATA[]]></system-err>
</testsuite>
