<?xml version="1.0" encoding="UTF-8"?>
<testsuite name="TestCustomLogger" tests="3" skipped="0" failures="0" errors="0" timestamp="2019-11-01T16:43:41" hostname="DESKTOP-2QK2ARG" time="0.274">
  <properties/>
  <testcase name="checkLogging1" classname="TestCustomLogger" time="0.27"/>
  <testcase name="checkLogging2" classname="TestCustomLogger" time="0.003"/>
  <testcase name="GetSetCheck" classname="TestCustomLogger" time="0.001"/>
  <system-out><![CDATA[]]></system-out>
  <system-err><![CDATA[]]></system-err>
</testsuite>
