<?xml version="1.0" encoding="UTF-8"?>
<testsuite name="TestClient" tests="3" skipped="0" failures="0" errors="0" timestamp="2019-10-17T14:14:01" hostname="DESKTOP-2QK2ARG" time="0.991">
  <properties/>
  <testcase name="checkAddress" classname="TestClient" time="0.939"/>
  <testcase name="checkReading" classname="TestClient" time="0.048"/>
  <testcase name="checkWriting" classname="TestClient" time="0.003"/>
  <system-out><![CDATA[]]></system-out>
  <system-err><![CDATA[]]></system-err>
</testsuite>
