<?xml version="1.0" encoding="UTF-8"?>
<testsuite name="GuiTest" tests="1" skipped="0" failures="0" errors="0" timestamp="2019-11-27T21:16:02" hostname="DESKTOP-2QK2ARG" time="0.186">
  <properties/>
  <testcase name="netGuiCheckDefaultValuesTest" classname="GuiTest" time="0.186"/>
  <system-out><![CDATA[]]></system-out>
  <system-err><![CDATA[]]></system-err>
</testsuite>
