<?xml version="1.0" encoding="UTF-8"?>
<testsuite name="ThreadLoggerTest" tests="2" skipped="0" failures="0" errors="0" timestamp="2019-11-27T16:40:03" hostname="DESKTOP-2QK2ARG" time="2.009">
  <properties/>
  <testcase name="logThreads" classname="ThreadLoggerTest" time="2.003"/>
  <testcase name="checkDefaultWalues" classname="ThreadLoggerTest" time="0.006"/>
  <system-out><![CDATA[]]></system-out>
  <system-err><![CDATA[]]></system-err>
</testsuite>
